This file contains any messages produced by compilers while
running configure, to aid debugging if configure makes a mistake.

It was created by likeU configure 0.0.1, which was
generated by GNU Autoconf 2.69.  Invocation command line was

  $ ./configure 

## --------- ##
## Platform. ##
## --------- ##

hostname = wihansaem-ui-MacBook-Pro.local
uname -m = x86_64
uname -r = 18.5.0
uname -s = Darwin
uname -v = Darwin Kernel Version 18.5.0: Mon Mar 11 20:40:32 PDT 2019; root:xnu-4903.251.3~3/RELEASE_X86_64

/usr/bin/uname -p = i386
/bin/uname -X     = unknown

/bin/arch              = unknown
/usr/bin/arch -k       = unknown
/usr/convex/getsysinfo = unknown
/usr/bin/hostinfo      = Mach kernel version:
	 Darwin Kernel Version 18.5.0: Mon Mar 11 20:40:32 PDT 2019; root:xnu-4903.251.3~3/RELEASE_X86_64
Kernel configured for up to 8 processors.
4 processors are physically available.
8 processors are logically available.
Processor type: x86_64h (Intel x86-64h Haswell)
Processors active: 0 1 2 3 4 5 6 7
Primary memory available: 16.00 gigabytes
Default processor set: 377 tasks, 1479 threads, 8 processors
Load average: 1.50, Mach factor: 6.49
/bin/machine           = unknown
/usr/bin/oslevel       = unknown
/bin/universe          = unknown

PATH: /usr/local/bin
PATH: /usr/bin
PATH: /bin
PATH: /usr/sbin
PATH: /sbin
PATH: /Applications/VMware Fusion.app/Contents/Public
PATH: /Applications/Wireshark.app/Contents/MacOS


## ----------- ##
## Core tests. ##
## ----------- ##

configure:2199: checking for a BSD-compatible install
configure:2267: result: /usr/bin/install -c
configure:2278: checking whether build environment is sane
configure:2333: result: yes
configure:2484: checking for a thread-safe mkdir -p
configure:2523: result: ./install-sh -c -d
configure:2530: checking for gawk
configure:2560: result: no
configure:2530: checking for mawk
configure:2560: result: no
configure:2530: checking for nawk
configure:2560: result: no
configure:2530: checking for awk
configure:2546: found /usr/bin/awk
configure:2557: result: awk
configure:2568: checking whether make sets $(MAKE)
configure:2590: result: yes
configure:2619: checking whether make supports nested variables
configure:2636: result: yes
configure:2813: checking for gcc
configure:2829: found /usr/bin/gcc
configure:2840: result: gcc
configure:3069: checking for C compiler version
configure:3078: gcc --version >&5
Apple LLVM version 10.0.1 (clang-1001.0.46.4)
Target: x86_64-apple-darwin18.5.0
Thread model: posix
InstalledDir: /Applications/Xcode.app/Contents/Developer/Toolchains/XcodeDefault.xctoolchain/usr/bin
Configured with: --prefix=/Applications/Xcode.app/Contents/Developer/usr --with-gxx-include-dir=/Applications/Xcode.app/Contents/Developer/Platforms/MacOSX.platform/Developer/SDKs/MacOSX10.14.sdk/usr/include/c++/4.2.1
configure:3089: $? = 0
configure:3078: gcc -v >&5
Configured with: --prefix=/Applications/Xcode.app/Contents/Developer/usr --with-gxx-include-dir=/Applications/Xcode.app/Contents/Developer/Platforms/MacOSX.platform/Developer/SDKs/MacOSX10.14.sdk/usr/include/c++/4.2.1
Apple LLVM version 10.0.1 (clang-1001.0.46.4)
Target: x86_64-apple-darwin18.5.0
Thread model: posix
InstalledDir: /Applications/Xcode.app/Contents/Developer/Toolchains/XcodeDefault.xctoolchain/usr/bin
configure:3089: $? = 0
configure:3078: gcc -V >&5
clang: error: unsupported option '-V -Wno-atomic-implicit-seq-cst'
clang: error: no input files
configure:3089: $? = 1
configure:3078: gcc -qversion >&5
clang: error: unknown argument '-qversion', did you mean '--version'?
clang: error: no input files
configure:3089: $? = 1
configure:3109: checking whether the C compiler works
configure:3131: gcc    conftest.c  >&5
configure:3135: $? = 0
configure:3183: result: yes
configure:3186: checking for C compiler default output file name
configure:3188: result: a.out
configure:3194: checking for suffix of executables
configure:3201: gcc -o conftest    conftest.c  >&5
configure:3205: $? = 0
configure:3227: result: 
configure:3249: checking whether we are cross compiling
configure:3257: gcc -o conftest    conftest.c  >&5
configure:3261: $? = 0
configure:3268: ./conftest
configure:3272: $? = 0
configure:3287: result: no
configure:3292: checking for suffix of object files
configure:3314: gcc -c   conftest.c >&5
configure:3318: $? = 0
configure:3339: result: o
configure:3343: checking whether we are using the GNU C compiler
configure:3362: gcc -c   conftest.c >&5
configure:3362: $? = 0
configure:3371: result: yes
configure:3380: checking whether gcc accepts -g
configure:3400: gcc -c -g  conftest.c >&5
configure:3400: $? = 0
configure:3441: result: yes
configure:3458: checking for gcc option to accept ISO C89
configure:3521: gcc  -c -g -O2  conftest.c >&5
configure:3521: $? = 0
configure:3534: result: none needed
configure:3559: checking whether gcc understands -c and -o together
configure:3581: gcc -c conftest.c -o conftest2.o
configure:3584: $? = 0
configure:3581: gcc -c conftest.c -o conftest2.o
configure:3584: $? = 0
configure:3596: result: yes
configure:3624: checking for style of include used by make
configure:3652: result: GNU
configure:3678: checking dependency style of gcc
configure:3789: result: gcc3
configure:3807: checking for sin in -lm
configure:3832: gcc -o conftest -g -O2   conftest.c -lm   >&5
conftest.c:18:6: warning: incompatible redeclaration of library function 'sin' [-Wincompatible-library-redeclaration]
char sin ();
     ^
conftest.c:18:6: note: 'sin' is a builtin with type 'double (double)'
1 warning generated.
configure:3832: $? = 0
configure:3841: result: yes
configure:3859: checking how to run the C preprocessor
configure:3890: gcc -E  conftest.c
configure:3890: $? = 0
configure:3904: gcc -E  conftest.c
conftest.c:12:10: fatal error: 'ac_nonexistent.h' file not found
#include <ac_nonexistent.h>
         ^~~~~~~~~~~~~~~~~~
1 error generated.
configure:3904: $? = 1
configure: failed program was:
| /* confdefs.h */
| #define PACKAGE_NAME "likeU"
| #define PACKAGE_TARNAME "likeu"
| #define PACKAGE_VERSION "0.0.1"
| #define PACKAGE_STRING "likeU 0.0.1"
| #define PACKAGE_BUGREPORT "whssktk@kookmin.ac.kr"
| #define PACKAGE_URL ""
| #define PACKAGE "likeU"
| #define VERSION "0.0.1"
| #define HAVE_LIBM 1
| /* end confdefs.h.  */
| #include <ac_nonexistent.h>
configure:3929: result: gcc -E
configure:3949: gcc -E  conftest.c
configure:3949: $? = 0
configure:3963: gcc -E  conftest.c
conftest.c:12:10: fatal error: 'ac_nonexistent.h' file not found
#include <ac_nonexistent.h>
         ^~~~~~~~~~~~~~~~~~
1 error generated.
configure:3963: $? = 1
configure: failed program was:
| /* confdefs.h */
| #define PACKAGE_NAME "likeU"
| #define PACKAGE_TARNAME "likeu"
| #define PACKAGE_VERSION "0.0.1"
| #define PACKAGE_STRING "likeU 0.0.1"
| #define PACKAGE_BUGREPORT "whssktk@kookmin.ac.kr"
| #define PACKAGE_URL ""
| #define PACKAGE "likeU"
| #define VERSION "0.0.1"
| #define HAVE_LIBM 1
| /* end confdefs.h.  */
| #include <ac_nonexistent.h>
configure:3992: checking for grep that handles long lines and -e
configure:4050: result: /usr/bin/grep
configure:4055: checking for egrep
configure:4117: result: /usr/bin/grep -E
configure:4122: checking for ANSI C header files
configure:4142: gcc -c -g -O2  conftest.c >&5
configure:4142: $? = 0
configure:4215: gcc -o conftest -g -O2   conftest.c -lm  >&5
configure:4215: $? = 0
configure:4215: ./conftest
configure:4215: $? = 0
configure:4226: result: yes
configure:4239: checking for sys/types.h
configure:4239: gcc -c -g -O2  conftest.c >&5
configure:4239: $? = 0
configure:4239: result: yes
configure:4239: checking for sys/stat.h
configure:4239: gcc -c -g -O2  conftest.c >&5
configure:4239: $? = 0
configure:4239: result: yes
configure:4239: checking for stdlib.h
configure:4239: gcc -c -g -O2  conftest.c >&5
configure:4239: $? = 0
configure:4239: result: yes
configure:4239: checking for string.h
configure:4239: gcc -c -g -O2  conftest.c >&5
configure:4239: $? = 0
configure:4239: result: yes
configure:4239: checking for memory.h
configure:4239: gcc -c -g -O2  conftest.c >&5
configure:4239: $? = 0
configure:4239: result: yes
configure:4239: checking for strings.h
configure:4239: gcc -c -g -O2  conftest.c >&5
configure:4239: $? = 0
configure:4239: result: yes
configure:4239: checking for inttypes.h
configure:4239: gcc -c -g -O2  conftest.c >&5
configure:4239: $? = 0
configure:4239: result: yes
configure:4239: checking for stdint.h
configure:4239: gcc -c -g -O2  conftest.c >&5
configure:4239: $? = 0
configure:4239: result: yes
configure:4239: checking for unistd.h
configure:4239: gcc -c -g -O2  conftest.c >&5
configure:4239: $? = 0
configure:4239: result: yes
configure:4253: checking libintl.h usability
configure:4253: gcc -c -g -O2  conftest.c >&5
conftest.c:55:10: fatal error: 'libintl.h' file not found
#include <libintl.h>
         ^~~~~~~~~~~
1 error generated.
configure:4253: $? = 1
configure: failed program was:
| /* confdefs.h */
| #define PACKAGE_NAME "likeU"
| #define PACKAGE_TARNAME "likeu"
| #define PACKAGE_VERSION "0.0.1"
| #define PACKAGE_STRING "likeU 0.0.1"
| #define PACKAGE_BUGREPORT "whssktk@kookmin.ac.kr"
| #define PACKAGE_URL ""
| #define PACKAGE "likeU"
| #define VERSION "0.0.1"
| #define HAVE_LIBM 1
| #define STDC_HEADERS 1
| #define HAVE_SYS_TYPES_H 1
| #define HAVE_SYS_STAT_H 1
| #define HAVE_STDLIB_H 1
| #define HAVE_STRING_H 1
| #define HAVE_MEMORY_H 1
| #define HAVE_STRINGS_H 1
| #define HAVE_INTTYPES_H 1
| #define HAVE_STDINT_H 1
| #define HAVE_UNISTD_H 1
| /* end confdefs.h.  */
| #include <stdio.h>
| #ifdef HAVE_SYS_TYPES_H
| # include <sys/types.h>
| #endif
| #ifdef HAVE_SYS_STAT_H
| # include <sys/stat.h>
| #endif
| #ifdef STDC_HEADERS
| # include <stdlib.h>
| # include <stddef.h>
| #else
| # ifdef HAVE_STDLIB_H
| #  include <stdlib.h>
| # endif
| #endif
| #ifdef HAVE_STRING_H
| # if !defined STDC_HEADERS && defined HAVE_MEMORY_H
| #  include <memory.h>
| # endif
| # include <string.h>
| #endif
| #ifdef HAVE_STRINGS_H
| # include <strings.h>
| #endif
| #ifdef HAVE_INTTYPES_H
| # include <inttypes.h>
| #endif
| #ifdef HAVE_STDINT_H
| # include <stdint.h>
| #endif
| #ifdef HAVE_UNISTD_H
| # include <unistd.h>
| #endif
| #include <libintl.h>
configure:4253: result: no
configure:4253: checking libintl.h presence
configure:4253: gcc -E  conftest.c
conftest.c:22:10: fatal error: 'libintl.h' file not found
#include <libintl.h>
         ^~~~~~~~~~~
1 error generated.
configure:4253: $? = 1
configure: failed program was:
| /* confdefs.h */
| #define PACKAGE_NAME "likeU"
| #define PACKAGE_TARNAME "likeu"
| #define PACKAGE_VERSION "0.0.1"
| #define PACKAGE_STRING "likeU 0.0.1"
| #define PACKAGE_BUGREPORT "whssktk@kookmin.ac.kr"
| #define PACKAGE_URL ""
| #define PACKAGE "likeU"
| #define VERSION "0.0.1"
| #define HAVE_LIBM 1
| #define STDC_HEADERS 1
| #define HAVE_SYS_TYPES_H 1
| #define HAVE_SYS_STAT_H 1
| #define HAVE_STDLIB_H 1
| #define HAVE_STRING_H 1
| #define HAVE_MEMORY_H 1
| #define HAVE_STRINGS_H 1
| #define HAVE_INTTYPES_H 1
| #define HAVE_STDINT_H 1
| #define HAVE_UNISTD_H 1
| /* end confdefs.h.  */
| #include <libintl.h>
configure:4253: result: no
configure:4253: checking for libintl.h
configure:4253: result: no
configure:4267: checking for setlocale
configure:4267: gcc -o conftest -g -O2   conftest.c -lm  >&5
configure:4267: $? = 0
configure:4267: result: yes
configure:4425: checking that generated files are newer than configure
configure:4431: result: done
configure:4454: creating ./config.status

## ---------------------- ##
## Running config.status. ##
## ---------------------- ##

This file was extended by likeU config.status 0.0.1, which was
generated by GNU Autoconf 2.69.  Invocation command line was

  CONFIG_FILES    = 
  CONFIG_HEADERS  = 
  CONFIG_LINKS    = 
  CONFIG_COMMANDS = 
  $ ./config.status 

on wihansaem-ui-MacBook-Pro.local

config.status:777: creating Makefile
config.status:949: executing depfiles commands

## ---------------- ##
## Cache variables. ##
## ---------------- ##

ac_cv_c_compiler_gnu=yes
ac_cv_env_CC_set=
ac_cv_env_CC_value=
ac_cv_env_CFLAGS_set=
ac_cv_env_CFLAGS_value=
ac_cv_env_CPPFLAGS_set=
ac_cv_env_CPPFLAGS_value=
ac_cv_env_CPP_set=
ac_cv_env_CPP_value=
ac_cv_env_LDFLAGS_set=
ac_cv_env_LDFLAGS_value=
ac_cv_env_LIBS_set=
ac_cv_env_LIBS_value=
ac_cv_env_build_alias_set=
ac_cv_env_build_alias_value=
ac_cv_env_host_alias_set=
ac_cv_env_host_alias_value=
ac_cv_env_target_alias_set=
ac_cv_env_target_alias_value=
ac_cv_func_setlocale=yes
ac_cv_header_inttypes_h=yes
ac_cv_header_libintl_h=no
ac_cv_header_memory_h=yes
ac_cv_header_stdc=yes
ac_cv_header_stdint_h=yes
ac_cv_header_stdlib_h=yes
ac_cv_header_string_h=yes
ac_cv_header_strings_h=yes
ac_cv_header_sys_stat_h=yes
ac_cv_header_sys_types_h=yes
ac_cv_header_unistd_h=yes
ac_cv_lib_m_sin=yes
ac_cv_objext=o
ac_cv_path_EGREP='/usr/bin/grep -E'
ac_cv_path_GREP=/usr/bin/grep
ac_cv_path_install='/usr/bin/install -c'
ac_cv_prog_AWK=awk
ac_cv_prog_CPP='gcc -E'
ac_cv_prog_ac_ct_CC=gcc
ac_cv_prog_cc_c89=
ac_cv_prog_cc_g=yes
ac_cv_prog_make_make_set=yes
am_cv_CC_dependencies_compiler_type=gcc3
am_cv_make_support_nested_variables=yes
am_cv_prog_cc_c_o=yes

## ----------------- ##
## Output variables. ##
## ----------------- ##

ACLOCAL='${SHELL} /Users/wihansaem/Desktop/build_system/missing aclocal-1.15'
AMDEPBACKSLASH='\'
AMDEP_FALSE='#'
AMDEP_TRUE=''
AMTAR='$${TAR-tar}'
AM_BACKSLASH='\'
AM_DEFAULT_V='$(AM_DEFAULT_VERBOSITY)'
AM_DEFAULT_VERBOSITY='1'
AM_V='$(V)'
AUTOCONF='${SHELL} /Users/wihansaem/Desktop/build_system/missing autoconf'
AUTOHEADER='${SHELL} /Users/wihansaem/Desktop/build_system/missing autoheader'
AUTOMAKE='${SHELL} /Users/wihansaem/Desktop/build_system/missing automake-1.15'
AWK='awk'
CC='gcc'
CCDEPMODE='depmode=gcc3'
CFLAGS='-g -O2'
CPP='gcc -E'
CPPFLAGS=''
CYGPATH_W='echo'
DEFS='-DPACKAGE_NAME=\"likeU\" -DPACKAGE_TARNAME=\"likeu\" -DPACKAGE_VERSION=\"0.0.1\" -DPACKAGE_STRING=\"likeU\ 0.0.1\" -DPACKAGE_BUGREPORT=\"whssktk@kookmin.ac.kr\" -DPACKAGE_URL=\"\" -DPACKAGE=\"likeU\" -DVERSION=\"0.0.1\" -DHAVE_LIBM=1 -DSTDC_HEADERS=1 -DHAVE_SYS_TYPES_H=1 -DHAVE_SYS_STAT_H=1 -DHAVE_STDLIB_H=1 -DHAVE_STRING_H=1 -DHAVE_MEMORY_H=1 -DHAVE_STRINGS_H=1 -DHAVE_INTTYPES_H=1 -DHAVE_STDINT_H=1 -DHAVE_UNISTD_H=1 -DHAVE_SETLOCALE=1'
DEPDIR='.deps'
ECHO_C='\c'
ECHO_N=''
ECHO_T=''
EGREP='/usr/bin/grep -E'
EXEEXT=''
GREP='/usr/bin/grep'
INSTALL_DATA='${INSTALL} -m 644'
INSTALL_PROGRAM='${INSTALL}'
INSTALL_SCRIPT='${INSTALL}'
INSTALL_STRIP_PROGRAM='$(install_sh) -c -s'
LDFLAGS=''
LIBOBJS=''
LIBS='-lm '
LTLIBOBJS=''
MAKEINFO='${SHELL} /Users/wihansaem/Desktop/build_system/missing makeinfo'
MKDIR_P='./install-sh -c -d'
OBJEXT='o'
PACKAGE='likeU'
PACKAGE_BUGREPORT='whssktk@kookmin.ac.kr'
PACKAGE_NAME='likeU'
PACKAGE_STRING='likeU 0.0.1'
PACKAGE_TARNAME='likeu'
PACKAGE_URL=''
PACKAGE_VERSION='0.0.1'
PATH_SEPARATOR=':'
SET_MAKE=''
SHELL='/bin/sh'
STRIP=''
VERSION='0.0.1'
ac_ct_CC='gcc'
am__EXEEXT_FALSE=''
am__EXEEXT_TRUE='#'
am__fastdepCC_FALSE='#'
am__fastdepCC_TRUE=''
am__include='include'
am__isrc=''
am__leading_dot='.'
am__nodep='_no'
am__quote=''
am__tar='$${TAR-tar} chof - "$$tardir"'
am__untar='$${TAR-tar} xf -'
bindir='${exec_prefix}/bin'
build_alias=''
datadir='${datarootdir}'
datarootdir='${prefix}/share'
docdir='${datarootdir}/doc/${PACKAGE_TARNAME}'
dvidir='${docdir}'
exec_prefix='${prefix}'
host_alias=''
htmldir='${docdir}'
includedir='${prefix}/include'
infodir='${datarootdir}/info'
install_sh='${SHELL} /Users/wihansaem/Desktop/build_system/install-sh'
libdir='${exec_prefix}/lib'
libexecdir='${exec_prefix}/libexec'
localedir='${datarootdir}/locale'
localstatedir='${prefix}/var'
mandir='${datarootdir}/man'
mkdir_p='$(MKDIR_P)'
oldincludedir='/usr/include'
pdfdir='${docdir}'
prefix='/usr/local'
program_transform_name='s,x,x,'
psdir='${docdir}'
runstatedir='${localstatedir}/run'
sbindir='${exec_prefix}/sbin'
sharedstatedir='${prefix}/com'
sysconfdir='${prefix}/etc'
target_alias=''

## ----------- ##
## confdefs.h. ##
## ----------- ##

/* confdefs.h */
#define PACKAGE_NAME "likeU"
#define PACKAGE_TARNAME "likeu"
#define PACKAGE_VERSION "0.0.1"
#define PACKAGE_STRING "likeU 0.0.1"
#define PACKAGE_BUGREPORT "whssktk@kookmin.ac.kr"
#define PACKAGE_URL ""
#define PACKAGE "likeU"
#define VERSION "0.0.1"
#define HAVE_LIBM 1
#define STDC_HEADERS 1
#define HAVE_SYS_TYPES_H 1
#define HAVE_SYS_STAT_H 1
#define HAVE_STDLIB_H 1
#define HAVE_STRING_H 1
#define HAVE_MEMORY_H 1
#define HAVE_STRINGS_H 1
#define HAVE_INTTYPES_H 1
#define HAVE_STDINT_H 1
#define HAVE_UNISTD_H 1
#define HAVE_SETLOCALE 1

configure: exit 0
